TN:
SF:src\modules\appointments\services\CreateAppoinmentServices.ts
FN:14,(anonymous_18)
FN:15,CreateAppointmentService
FN:20,(anonymous_20)
FNF:3
FNH:3
FNDA:1,(anonymous_18)
FNDA:5,CreateAppointmentService
FNDA:7,(anonymous_20)
DA:1,1
DA:2,1
DA:3,1
DA:14,1
DA:17,5
DA:20,1
DA:21,7
DA:22,7
DA:23,7
DA:25,7
DA:27,7
DA:28,1
DA:31,6
DA:32,1
DA:35,5
DA:36,2
DA:41,3
DA:45,3
DA:46,1
DA:49,2
DA:55,2
DA:57,1
DA:59,1
LF:23
LH:23
BRDA:27,0,0,1
BRDA:27,0,1,6
BRDA:31,1,0,1
BRDA:31,1,1,5
BRDA:35,2,0,2
BRDA:35,2,1,3
BRDA:35,3,0,5
BRDA:35,3,1,4
BRDA:45,4,0,1
BRDA:45,4,1,2
BRF:10
BRH:10
end_of_record
TN:
SF:src\modules\appointments\services\ListPoviderDayAvailabilityService.ts
FN:19,(anonymous_17)
FN:20,ListProviderDayAvailabilityService
FN:25,(anonymous_19)
FN:43,(anonymous_22)
FN:48,(anonymous_23)
FN:50,(anonymous_24)
FNF:6
FNH:6
FNDA:1,(anonymous_17)
FNDA:1,ListProviderDayAvailabilityService
FNDA:1,(anonymous_19)
FNDA:10,(anonymous_22)
FNDA:10,(anonymous_23)
FNDA:19,(anonymous_24)
DA:1,1
DA:2,1
DA:19,1
DA:22,1
DA:25,1
DA:26,1
DA:27,1
DA:28,1
DA:29,1
DA:31,1
DA:39,1
DA:41,1
DA:43,10
DA:46,1
DA:48,1
DA:49,10
DA:50,19
DA:53,10
DA:55,10
DA:61,1
DA:63,1
DA:65,1
LF:22
LH:22
BRDA:31,0,0,1
BRDA:57,1,0,10
BRDA:57,1,1,8
BRF:3
BRH:3
end_of_record
TN:
SF:src\modules\appointments\services\ListProviderMonthAvailabilityService.ts
FN:17,(anonymous_17)
FN:18,ListProviderMonthAvailabilityService
FN:23,(anonymous_19)
FN:40,(anonymous_22)
FN:43,(anonymous_23)
FN:44,(anonymous_24)
FNF:6
FNH:6
FNDA:1,(anonymous_17)
FNDA:1,ListProviderMonthAvailabilityService
FNDA:1,(anonymous_19)
FNDA:31,(anonymous_22)
FNDA:31,(anonymous_23)
FNDA:341,(anonymous_24)
DA:1,1
DA:2,1
DA:17,1
DA:20,1
DA:23,1
DA:24,1
DA:25,1
DA:26,1
DA:28,1
DA:36,1
DA:38,1
DA:40,31
DA:43,1
DA:44,31
DA:45,341
DA:48,31
DA:54,1
DA:56,1
DA:58,1
LF:19
LH:19
BRDA:28,0,0,1
BRF:1
BRH:1
end_of_record
TN:
SF:src\modules\appointments\services\ListProvidersService.ts
FN:9,(anonymous_17)
FN:10,ListProviderService
FN:15,(anonymous_19)
FNF:3
FNH:3
FNDA:1,(anonymous_17)
FNDA:1,ListProviderService
FNDA:1,(anonymous_19)
DA:1,1
DA:9,1
DA:12,1
DA:15,1
DA:16,1
DA:20,1
DA:22,1
DA:24,1
LF:8
LH:8
BRDA:16,0,0,1
BRF:1
BRH:1
end_of_record
TN:
SF:src\modules\users\services\AuthenticateUserService.ts
FN:20,(anonymous_18)
FN:21,AuthenticateUserService
FN:29,(anonymous_20)
FNF:3
FNH:3
FNDA:1,(anonymous_18)
FNDA:3,AuthenticateUserService
FNDA:3,(anonymous_20)
DA:1,1
DA:2,1
DA:3,1
DA:4,1
DA:20,1
DA:23,3
DA:26,3
DA:29,3
DA:30,3
DA:32,3
DA:33,1
DA:36,2
DA:41,2
DA:42,1
DA:45,1
DA:46,1
DA:51,1
DA:56,1
DA:58,1
LF:19
LH:19
BRDA:30,0,0,3
BRDA:32,1,0,1
BRDA:32,1,1,2
BRDA:41,2,0,1
BRDA:41,2,1,1
BRF:5
BRH:5
end_of_record
TN:
SF:src\modules\users\services\CreateUserService.ts
FN:13,(anonymous_18)
FN:14,CreateUserService
FN:22,(anonymous_20)
FNF:3
FNH:3
FNDA:2,(anonymous_18)
FNDA:5,CreateUserService
FNDA:5,(anonymous_20)
DA:1,2
DA:2,2
DA:13,2
DA:16,5
DA:19,5
DA:22,5
DA:23,5
DA:25,5
DA:26,1
DA:29,4
DA:31,4
DA:37,4
DA:39,2
DA:41,2
LF:14
LH:14
BRDA:23,0,0,5
BRDA:25,1,0,1
BRDA:25,1,1,4
BRF:3
BRH:3
end_of_record
TN:
SF:src\modules\users\services\ResetPasswordService.ts
FN:14,(anonymous_18)
FN:15,ResetPasswordService
FN:26,(anonymous_20)
FNF:3
FNH:3
FNDA:1,(anonymous_18)
FNDA:4,ResetPasswordService
FNDA:4,(anonymous_20)
DA:1,1
DA:2,1
DA:3,1
DA:14,1
DA:17,4
DA:20,4
DA:23,4
DA:26,4
DA:27,4
DA:29,4
DA:30,1
DA:33,3
DA:35,3
DA:36,1
DA:39,2
DA:40,2
DA:42,2
DA:44,1
DA:45,2
DA:47,1
DA:49,1
LF:21
LH:21
BRDA:27,0,0,4
BRDA:29,1,0,1
BRDA:29,1,1,3
BRDA:35,2,0,1
BRDA:35,2,1,2
BRDA:42,3,0,1
BRDA:42,3,1,1
BRF:7
BRH:7
end_of_record
TN:
SF:src\modules\users\services\SendForgotPasswordEmailService.ts
FN:13,(anonymous_18)
FN:14,SendForgotPasswordEmailService
FN:25,(anonymous_20)
FNF:3
FNH:3
FNDA:1,(anonymous_18)
FNDA:3,SendForgotPasswordEmailService
FNDA:3,(anonymous_20)
DA:1,1
DA:2,1
DA:4,1
DA:13,1
DA:16,3
DA:19,3
DA:22,3
DA:25,3
DA:26,3
DA:28,3
DA:29,1
DA:32,2
DA:34,2
DA:41,4
DA:56,1
DA:58,1
LF:16
LH:16
BRDA:26,0,0,3
BRDA:28,1,0,1
BRDA:28,1,1,2
BRF:3
BRH:3
end_of_record
TN:
SF:src\modules\users\services\ShowProfileService.ts
FN:10,(anonymous_18)
FN:11,ShowProfileService
FN:16,(anonymous_20)
FNF:3
FNH:3
FNDA:1,(anonymous_18)
FNDA:2,ShowProfileService
FNDA:2,(anonymous_20)
DA:1,1
DA:2,1
DA:10,1
DA:13,2
DA:16,2
DA:17,2
DA:19,2
DA:20,1
DA:23,1
DA:25,1
DA:27,1
LF:11
LH:11
BRDA:17,0,0,2
BRDA:19,1,0,1
BRDA:19,1,1,1
BRF:3
BRH:3
end_of_record
TN:
SF:src\modules\users\services\UpdateProfilerService.ts
FN:18,(anonymous_18)
FN:19,UpdateProfileService
FN:27,(anonymous_20)
FNF:3
FNH:3
FNDA:1,(anonymous_18)
FNDA:6,UpdateProfileService
FNDA:6,(anonymous_20)
DA:1,1
DA:5,1
DA:18,1
DA:21,6
DA:24,6
DA:27,1
DA:28,6
DA:29,6
DA:30,6
DA:31,6
DA:32,6
DA:34,6
DA:35,6
DA:36,1
DA:39,5
DA:41,5
DA:42,1
DA:45,4
DA:46,4
DA:47,4
DA:48,1
DA:51,4
DA:52,2
DA:57,2
DA:58,1
DA:61,1
DA:64,2
DA:66,1
DA:68,1
LF:29
LH:29
BRDA:34,0,0,6
BRDA:34,0,1,2
BRDA:35,1,0,1
BRDA:35,1,1,5
BRDA:41,2,0,1
BRDA:41,2,1,4
BRDA:41,3,0,5
BRDA:41,3,1,3
BRDA:47,4,0,1
BRDA:47,4,1,3
BRDA:47,5,0,4
BRDA:47,5,1,3
BRDA:51,6,0,1
BRDA:51,6,1,2
BRDA:51,7,0,3
BRDA:51,7,1,2
BRDA:57,8,0,1
BRDA:57,8,1,1
BRF:18
BRH:18
end_of_record
TN:
SF:src\modules\users\services\UpdateUserAvatarService.ts
FN:18,(anonymous_18)
FN:19,UpdateUserAvatarService
FN:27,(anonymous_20)
FNF:3
FNH:3
FNDA:1,(anonymous_18)
FNDA:3,UpdateUserAvatarService
FNDA:4,(anonymous_20)
DA:4,1
DA:9,1
DA:18,1
DA:21,3
DA:24,3
DA:27,1
DA:28,4
DA:29,4
DA:31,4
DA:33,4
DA:34,1
DA:37,5
DA:38,2
DA:40,3
DA:41,3
DA:43,6
DA:45,3
DA:47,1
DA:49,1
LF:19
LH:19
BRDA:31,0,0,4
BRDA:31,0,1,3
BRDA:33,1,0,1
BRDA:33,1,1,3
BRDA:37,2,0,2
BRDA:37,2,1,1
BRF:6
BRH:6
end_of_record
